[2022-02-24 15:17:17] -- [INFO ]: [com.alibaba.druid.pool.DruidDataSource] -- {dataSource-1} closing ...
[2022-02-24 15:17:17] -- [INFO ]: [com.alibaba.druid.pool.DruidDataSource] -- {dataSource-1} closed
[2022-02-24 15:17:18] -- [INFO ]: [com.lyd.NovelWebApplication] -- Starting NovelWebApplication using Java 1.8.0_301 on Sky-Dog with PID 27424 (D:\Code\project\Java\NovelWeb\target\classes started by 天狗 in D:\Code\project\Java\novelWeb)
[2022-02-24 15:17:18] -- [INFO ]: [com.lyd.NovelWebApplication] -- No active profile set, falling back to default profiles: default
[2022-02-24 15:17:18] -- [INFO ]: [org.apache.coyote.http11.Http11NioProtocol] -- Initializing ProtocolHandler ["http-nio-8080"]
[2022-02-24 15:17:18] -- [INFO ]: [org.apache.catalina.core.StandardService] -- Starting service [Tomcat]
[2022-02-24 15:17:18] -- [INFO ]: [org.apache.catalina.core.StandardEngine] -- Starting Servlet engine: [Apache Tomcat/9.0.55]
[2022-02-24 15:17:18] -- [INFO ]: [org.apache.catalina.core.ContainerBase.[Tomcat].[localhost].[/]] -- Initializing Spring embedded WebApplicationContext
[2022-02-24 15:17:19] -- [INFO ]: [org.apache.coyote.http11.Http11NioProtocol] -- Starting ProtocolHandler ["http-nio-8080"]
[2022-02-24 15:17:19] -- [INFO ]: [com.lyd.NovelWebApplication] -- Started NovelWebApplication in 0.934 seconds (JVM running for 144339.265)
[2022-02-24 15:17:21] -- [INFO ]: [com.alibaba.druid.pool.DruidDataSource] -- {dataSource-0} closing ...
[2022-02-24 15:17:21] -- [INFO ]: [com.lyd.NovelWebApplication] -- Starting NovelWebApplication using Java 1.8.0_301 on Sky-Dog with PID 27424 (D:\Code\project\Java\NovelWeb\target\classes started by 天狗 in D:\Code\project\Java\novelWeb)
[2022-02-24 15:17:21] -- [INFO ]: [com.lyd.NovelWebApplication] -- No active profile set, falling back to default profiles: default
[2022-02-24 15:17:21] -- [INFO ]: [org.apache.coyote.http11.Http11NioProtocol] -- Initializing ProtocolHandler ["http-nio-8080"]
[2022-02-24 15:17:21] -- [INFO ]: [org.apache.catalina.core.StandardService] -- Starting service [Tomcat]
[2022-02-24 15:17:21] -- [INFO ]: [org.apache.catalina.core.StandardEngine] -- Starting Servlet engine: [Apache Tomcat/9.0.55]
[2022-02-24 15:17:21] -- [INFO ]: [org.apache.catalina.core.ContainerBase.[Tomcat].[localhost].[/]] -- Initializing Spring embedded WebApplicationContext
[2022-02-24 15:17:21] -- [INFO ]: [springfox.documentation.spring.web.PropertySourcedRequestMappingHandlerMapping] -- Mapped URL path [/v2/api-docs] onto method [springfox.documentation.swagger2.web.Swagger2Controller#getDocumentation(String, HttpServletRequest)]
[2022-02-24 15:17:21] -- [INFO ]: [org.apache.coyote.http11.Http11NioProtocol] -- Starting ProtocolHandler ["http-nio-8080"]
[2022-02-24 15:17:21] -- [INFO ]: [springfox.documentation.spring.web.plugins.DocumentationPluginsBootstrapper] -- Context refreshed
[2022-02-24 15:17:21] -- [INFO ]: [springfox.documentation.spring.web.plugins.DocumentationPluginsBootstrapper] -- Found 1 custom documentation plugin(s)
[2022-02-24 15:17:21] -- [INFO ]: [springfox.documentation.spring.web.scanners.ApiListingReferenceScanner] -- Scanning for api listing references
[2022-02-24 15:17:21] -- [INFO ]: [com.lyd.NovelWebApplication] -- Started NovelWebApplication in 0.67 seconds (JVM running for 144342.044)
[2022-02-24 15:17:30] -- [INFO ]: [org.apache.catalina.core.ContainerBase.[Tomcat].[localhost].[/]] -- Initializing Spring DispatcherServlet 'dispatcherServlet'
[2022-02-24 21:52:58] -- [INFO ]: [com.alibaba.druid.pool.DruidDataSource] -- {dataSource-2} inited
[2022-02-24 21:52:58] -- [INFO ]: [com.lyd.controller.NovelController] -- 查询推荐书目成功
[2022-02-24 21:52:58] -- [INFO ]: [com.lyd.controller.NovelController] -- 按排名查询成功
[2022-02-24 21:53:00] -- [INFO ]: [com.lyd.controller.NovelController] -- 按排名查询成功
[2022-02-24 21:53:02] -- [INFO ]: [com.lyd.controller.NovelController] -- 查询推荐书目成功
[2022-02-24 21:53:02] -- [INFO ]: [com.lyd.controller.NovelController] -- 按排名查询成功
[2022-02-24 21:53:04] -- [INFO ]: [com.lyd.controller.NovelController] -- 按排名查询成功
[2022-02-24 21:53:04] -- [INFO ]: [com.lyd.controller.NovelController] -- 查询推荐书目成功
[2022-02-24 21:53:36] -- [INFO ]: [com.lyd.controller.NovelController] -- 查询推荐书目成功
[2022-02-24 21:53:55] -- [INFO ]: [com.lyd.controller.NovelController] -- 按排名查询成功
[2022-02-24 22:01:41] -- [INFO ]: [com.lyd.controller.NovelController] -- 按排名查询成功
[2022-02-24 22:09:48] -- [INFO ]: [com.lyd.controller.NovelController] -- 按排名查询成功
[2022-02-24 22:32:03] -- [INFO ]: [com.lyd.controller.NovelController] -- 查询 都市类 书籍成功
[2022-02-24 22:32:14] -- [INFO ]: [com.lyd.controller.NovelController] -- 查询 都市类 书籍成功
[2022-02-24 22:35:09] -- [INFO ]: [com.lyd.controller.NovelController] -- 查询 都市类 书籍成功
[2022-02-24 22:35:47] -- [INFO ]: [com.lyd.controller.NovelController] -- 查询 都市类 书籍成功
[2022-02-24 22:35:51] -- [INFO ]: [com.lyd.controller.NovelController] -- 查询 都市类 书籍成功
[2022-02-24 22:36:03] -- [INFO ]: [com.lyd.controller.NovelController] -- 查询 都市类 书籍成功
[2022-02-24 22:37:50] -- [INFO ]: [com.lyd.controller.NovelController] -- 查询 都市类 书籍成功
[2022-02-24 22:39:11] -- [INFO ]: [com.lyd.controller.NovelController] -- 查询 都市类 书籍成功
[2022-02-24 22:39:36] -- [INFO ]: [com.lyd.controller.NovelController] -- 查询 都市类 书籍成功
[2022-02-24 22:39:43] -- [INFO ]: [com.lyd.controller.NovelController] -- 查询 都市类 书籍成功
[2022-02-24 22:40:56] -- [INFO ]: [com.lyd.controller.NovelController] -- 查询 都市类 书籍成功
[2022-02-24 22:42:22] -- [INFO ]: [com.lyd.controller.NovelController] -- 查询 都市类 书籍成功
[2022-02-24 22:42:36] -- [INFO ]: [com.lyd.controller.NovelController] -- 查询 都市类 书籍成功
[2022-02-24 22:43:10] -- [INFO ]: [com.lyd.controller.NovelController] -- 查询 都市类 书籍成功
[2022-02-24 22:44:15] -- [INFO ]: [com.lyd.controller.NovelController] -- 查询 都市类 书籍成功
[2022-02-24 22:45:29] -- [INFO ]: [com.lyd.controller.NovelController] -- 查询 都市类 书籍成功
[2022-02-24 22:46:38] -- [INFO ]: [com.lyd.controller.NovelController] -- 查询 都市类 书籍成功
[2022-02-24 22:46:59] -- [INFO ]: [com.lyd.controller.NovelController] -- 查询 都市类 书籍成功
[2022-02-24 22:50:15] -- [INFO ]: [com.lyd.controller.NovelController] -- 查询 都市类 书籍成功
[2022-02-24 22:51:19] -- [INFO ]: [com.lyd.controller.NovelController] -- 查询 都市类 书籍成功
[2022-02-24 22:53:07] -- [INFO ]: [com.lyd.controller.NovelController] -- 查询 都市类 书籍成功
[2022-02-24 22:54:52] -- [INFO ]: [com.lyd.controller.NovelController] -- 查询 都市类 书籍成功
[2022-02-24 22:54:54] -- [INFO ]: [com.lyd.controller.NovelController] -- 查询 古典类 书籍成功
[2022-02-24 22:54:55] -- [INFO ]: [com.lyd.controller.NovelController] -- 查询 玄幻类 书籍成功
[2022-02-24 22:54:55] -- [INFO ]: [com.lyd.controller.NovelController] -- 查询 玄幻类 书籍成功
[2022-02-24 22:54:56] -- [INFO ]: [com.lyd.controller.NovelController] -- 查询 悬疑类 书籍成功
[2022-02-24 22:54:58] -- [INFO ]: [com.lyd.controller.NovelController] -- 查询 修真类 书籍成功
[2022-02-24 22:54:59] -- [INFO ]: [com.lyd.controller.NovelController] -- 查询 游戏类 书籍成功
[2022-02-24 22:55:00] -- [INFO ]: [com.lyd.controller.NovelController] -- 查询 修真类 书籍成功
[2022-02-24 22:55:01] -- [INFO ]: [com.lyd.controller.NovelController] -- 查询 悬疑类 书籍成功
[2022-02-24 22:55:03] -- [INFO ]: [com.lyd.controller.NovelController] -- 查询 玄幻类 书籍成功
[2022-02-24 22:55:03] -- [INFO ]: [com.lyd.controller.NovelController] -- 查询 古典类 书籍成功
[2022-02-24 22:55:04] -- [INFO ]: [com.lyd.controller.NovelController] -- 查询 都市类 书籍成功
[2022-02-24 22:55:07] -- [INFO ]: [com.lyd.controller.NovelController] -- 查询 修真类 书籍成功
[2022-02-24 22:55:35] -- [INFO ]: [com.lyd.controller.NovelController] -- 查询 都市类 书籍成功
[2022-02-24 22:55:47] -- [INFO ]: [com.lyd.controller.NovelController] -- 查询 玄幻类 书籍成功
[2022-02-24 22:55:50] -- [INFO ]: [com.lyd.controller.NovelController] -- 查询 修真类 书籍成功
[2022-02-24 22:55:54] -- [INFO ]: [com.lyd.controller.NovelController] -- 查询 玄幻类 书籍成功
[2022-02-24 22:55:59] -- [INFO ]: [com.lyd.controller.NovelController] -- 查询 都市类 书籍成功
[2022-02-24 22:56:00] -- [INFO ]: [com.lyd.controller.NovelController] -- 查询 古典类 书籍成功
[2022-02-24 22:56:03] -- [INFO ]: [com.lyd.controller.NovelController] -- 查询 玄幻类 书籍成功
[2022-02-24 22:56:06] -- [INFO ]: [com.lyd.controller.NovelController] -- 查询 古典类 书籍成功
[2022-02-24 22:56:08] -- [INFO ]: [com.lyd.controller.NovelController] -- 查询 都市类 书籍成功
[2022-02-24 22:56:09] -- [INFO ]: [com.lyd.controller.NovelController] -- 查询 悬疑类 书籍成功
[2022-02-24 22:56:10] -- [INFO ]: [com.lyd.controller.NovelController] -- 查询 游戏类 书籍成功
[2022-02-24 22:57:12] -- [INFO ]: [com.lyd.controller.NovelController] -- 查询 都市类 书籍成功
[2022-02-24 22:57:42] -- [INFO ]: [com.lyd.controller.NovelController] -- 查询 都市类 书籍成功
[2022-02-24 22:57:47] -- [INFO ]: [com.lyd.controller.NovelController] -- 查询 古典类 书籍成功
[2022-02-24 22:57:58] -- [INFO ]: [com.lyd.controller.NovelController] -- 查询 修真类 书籍成功
[2022-02-24 22:58:52] -- [INFO ]: [com.lyd.controller.NovelController] -- 查询 都市类 书籍成功
[2022-02-24 23:00:18] -- [INFO ]: [com.lyd.controller.NovelController] -- 查询 古典类 书籍成功
[2022-02-24 23:00:19] -- [INFO ]: [com.lyd.controller.NovelController] -- 查询 玄幻类 书籍成功
[2022-02-24 23:00:21] -- [INFO ]: [com.lyd.controller.NovelController] -- 查询 悬疑类 书籍成功
[2022-02-24 23:00:23] -- [INFO ]: [com.lyd.controller.NovelController] -- 查询 修真类 书籍成功
[2022-02-24 23:00:24] -- [INFO ]: [com.lyd.controller.NovelController] -- 查询 游戏类 书籍成功
[2022-02-24 23:09:28] -- [INFO ]: [com.lyd.controller.NovelController] -- 查询 用户lyd 收藏成功
[2022-02-24 23:10:05] -- [INFO ]: [com.lyd.controller.NovelController] -- 查询 用户lyd 收藏成功
[2022-02-24 23:10:15] -- [INFO ]: [com.lyd.controller.NovelController] -- 查询 用户lyd 收藏成功
[2022-02-24 23:11:32] -- [INFO ]: [com.lyd.controller.NovelController] -- 查询 用户lyd 收藏成功
[2022-02-24 23:11:42] -- [INFO ]: [com.lyd.controller.NovelController] -- 查询 古典类 书籍成功
[2022-02-24 23:15:40] -- [INFO ]: [com.lyd.controller.UserController] -- lyd登录成功,密码为:123456
[2022-02-24 23:40:01] -- [INFO ]: [com.lyd.controller.UserController] -- lyd登录成功,密码为:123456
[2022-02-24 23:40:35] -- [INFO ]: [com.lyd.controller.UserController] -- root登录成功,密码为:123456
[2022-02-24 23:43:48] -- [INFO ]: [com.alibaba.druid.pool.DruidDataSource] -- {dataSource-2} closing ...
[2022-02-24 23:43:48] -- [INFO ]: [com.alibaba.druid.pool.DruidDataSource] -- {dataSource-2} closed
[2022-02-24 23:43:54] -- [INFO ]: [com.lyd.NovelWebApplication] -- Starting NovelWebApplication using Java 1.8.0_301 on Sky-Dog with PID 37948 (D:\Code\project\Java\NovelWeb\target\classes started by 天狗 in D:\Code\project\Java\novelWeb)
[2022-02-24 23:43:54] -- [INFO ]: [com.lyd.NovelWebApplication] -- No active profile set, falling back to default profiles: default
[2022-02-24 23:43:56] -- [INFO ]: [org.apache.coyote.http11.Http11NioProtocol] -- Initializing ProtocolHandler ["http-nio-8080"]
[2022-02-24 23:43:56] -- [INFO ]: [org.apache.catalina.core.StandardService] -- Starting service [Tomcat]
[2022-02-24 23:43:56] -- [INFO ]: [org.apache.catalina.core.StandardEngine] -- Starting Servlet engine: [Apache Tomcat/9.0.55]
[2022-02-24 23:43:56] -- [INFO ]: [org.apache.catalina.core.ContainerBase.[Tomcat].[localhost].[/]] -- Initializing Spring embedded WebApplicationContext
[2022-02-24 23:43:56] -- [INFO ]: [springfox.documentation.spring.web.PropertySourcedRequestMappingHandlerMapping] -- Mapped URL path [/v2/api-docs] onto method [springfox.documentation.swagger2.web.Swagger2Controller#getDocumentation(String, HttpServletRequest)]
[2022-02-24 23:43:56] -- [INFO ]: [org.apache.coyote.http11.Http11NioProtocol] -- Starting ProtocolHandler ["http-nio-8080"]
[2022-02-24 23:43:56] -- [INFO ]: [springfox.documentation.spring.web.plugins.DocumentationPluginsBootstrapper] -- Context refreshed
[2022-02-24 23:43:56] -- [INFO ]: [springfox.documentation.spring.web.plugins.DocumentationPluginsBootstrapper] -- Found 1 custom documentation plugin(s)
[2022-02-24 23:43:56] -- [INFO ]: [springfox.documentation.spring.web.scanners.ApiListingReferenceScanner] -- Scanning for api listing references
[2022-02-24 23:43:56] -- [INFO ]: [com.lyd.NovelWebApplication] -- Started NovelWebApplication in 3.059 seconds (JVM running for 4.334)
[2022-02-24 23:44:10] -- [INFO ]: [org.apache.catalina.core.ContainerBase.[Tomcat].[localhost].[/]] -- Initializing Spring DispatcherServlet 'dispatcherServlet'
[2022-02-24 23:44:10] -- [INFO ]: [com.alibaba.druid.pool.DruidDataSource] -- {dataSource-1} inited
[2022-02-24 23:44:10] -- [INFO ]: [com.lyd.controller.UserController] -- root登录成功,密码为:123456
[2022-02-24 23:44:39] -- [INFO ]: [com.alibaba.druid.pool.DruidDataSource] -- {dataSource-1} closing ...
[2022-02-24 23:44:39] -- [INFO ]: [com.alibaba.druid.pool.DruidDataSource] -- {dataSource-1} closed
[2022-02-24 23:44:43] -- [INFO ]: [com.lyd.NovelWebApplication] -- Starting NovelWebApplication using Java 1.8.0_301 on Sky-Dog with PID 33116 (D:\Code\project\Java\NovelWeb\target\classes started by 天狗 in D:\Code\project\Java\novelWeb)
[2022-02-24 23:44:43] -- [INFO ]: [com.lyd.NovelWebApplication] -- No active profile set, falling back to default profiles: default
[2022-02-24 23:44:45] -- [INFO ]: [org.apache.coyote.http11.Http11NioProtocol] -- Initializing ProtocolHandler ["http-nio-8080"]
[2022-02-24 23:44:45] -- [INFO ]: [org.apache.catalina.core.StandardService] -- Starting service [Tomcat]
[2022-02-24 23:44:45] -- [INFO ]: [org.apache.catalina.core.StandardEngine] -- Starting Servlet engine: [Apache Tomcat/9.0.55]
[2022-02-24 23:44:45] -- [INFO ]: [org.apache.catalina.core.ContainerBase.[Tomcat].[localhost].[/]] -- Initializing Spring embedded WebApplicationContext
[2022-02-24 23:44:46] -- [INFO ]: [springfox.documentation.spring.web.PropertySourcedRequestMappingHandlerMapping] -- Mapped URL path [/v2/api-docs] onto method [springfox.documentation.swagger2.web.Swagger2Controller#getDocumentation(String, HttpServletRequest)]
[2022-02-24 23:44:46] -- [INFO ]: [org.apache.coyote.http11.Http11NioProtocol] -- Starting ProtocolHandler ["http-nio-8080"]
[2022-02-24 23:44:46] -- [INFO ]: [springfox.documentation.spring.web.plugins.DocumentationPluginsBootstrapper] -- Context refreshed
[2022-02-24 23:44:46] -- [INFO ]: [springfox.documentation.spring.web.plugins.DocumentationPluginsBootstrapper] -- Found 1 custom documentation plugin(s)
[2022-02-24 23:44:46] -- [INFO ]: [springfox.documentation.spring.web.scanners.ApiListingReferenceScanner] -- Scanning for api listing references
[2022-02-24 23:44:46] -- [INFO ]: [com.lyd.NovelWebApplication] -- Started NovelWebApplication in 2.84 seconds (JVM running for 4.1)
[2022-02-24 23:44:53] -- [INFO ]: [org.apache.catalina.core.ContainerBase.[Tomcat].[localhost].[/]] -- Initializing Spring DispatcherServlet 'dispatcherServlet'
[2022-02-24 23:44:53] -- [INFO ]: [com.alibaba.druid.pool.DruidDataSource] -- {dataSource-1} inited
[2022-02-24 23:44:53] -- [INFO ]: [com.lyd.controller.UserController] -- root登录成功,密码为:123456
[2022-02-24 23:45:18] -- [INFO ]: [com.alibaba.druid.pool.DruidDataSource] -- {dataSource-1} closing ...
[2022-02-24 23:45:18] -- [INFO ]: [com.alibaba.druid.pool.DruidDataSource] -- {dataSource-1} closed
[2022-02-24 23:45:23] -- [INFO ]: [com.lyd.NovelWebApplication] -- Starting NovelWebApplication using Java 1.8.0_301 on Sky-Dog with PID 23444 (D:\Code\project\Java\NovelWeb\target\classes started by 天狗 in D:\Code\project\Java\novelWeb)
[2022-02-24 23:45:23] -- [INFO ]: [com.lyd.NovelWebApplication] -- No active profile set, falling back to default profiles: default
[2022-02-24 23:45:24] -- [INFO ]: [org.apache.coyote.http11.Http11NioProtocol] -- Initializing ProtocolHandler ["http-nio-8080"]
[2022-02-24 23:45:24] -- [INFO ]: [org.apache.catalina.core.StandardService] -- Starting service [Tomcat]
[2022-02-24 23:45:24] -- [INFO ]: [org.apache.catalina.core.StandardEngine] -- Starting Servlet engine: [Apache Tomcat/9.0.55]
[2022-02-24 23:45:24] -- [INFO ]: [org.apache.catalina.core.ContainerBase.[Tomcat].[localhost].[/]] -- Initializing Spring embedded WebApplicationContext
[2022-02-24 23:45:25] -- [INFO ]: [springfox.documentation.spring.web.PropertySourcedRequestMappingHandlerMapping] -- Mapped URL path [/v2/api-docs] onto method [springfox.documentation.swagger2.web.Swagger2Controller#getDocumentation(String, HttpServletRequest)]
[2022-02-24 23:45:25] -- [INFO ]: [org.apache.coyote.http11.Http11NioProtocol] -- Starting ProtocolHandler ["http-nio-8080"]
[2022-02-24 23:45:25] -- [INFO ]: [springfox.documentation.spring.web.plugins.DocumentationPluginsBootstrapper] -- Context refreshed
[2022-02-24 23:45:25] -- [INFO ]: [springfox.documentation.spring.web.plugins.DocumentationPluginsBootstrapper] -- Found 1 custom documentation plugin(s)
[2022-02-24 23:45:25] -- [INFO ]: [springfox.documentation.spring.web.scanners.ApiListingReferenceScanner] -- Scanning for api listing references
[2022-02-24 23:45:25] -- [INFO ]: [com.lyd.NovelWebApplication] -- Started NovelWebApplication in 2.618 seconds (JVM running for 3.762)
[2022-02-24 23:45:28] -- [INFO ]: [org.apache.catalina.core.ContainerBase.[Tomcat].[localhost].[/]] -- Initializing Spring DispatcherServlet 'dispatcherServlet'
[2022-02-24 23:45:28] -- [INFO ]: [com.alibaba.druid.pool.DruidDataSource] -- {dataSource-1} inited
[2022-02-24 23:46:32] -- [INFO ]: [com.alibaba.druid.pool.DruidDataSource] -- {dataSource-1} closing ...
[2022-02-24 23:46:32] -- [INFO ]: [com.alibaba.druid.pool.DruidDataSource] -- {dataSource-1} closed
[2022-02-24 23:46:37] -- [INFO ]: [com.lyd.NovelWebApplication] -- Starting NovelWebApplication using Java 1.8.0_301 on Sky-Dog with PID 40924 (D:\Code\project\Java\NovelWeb\target\classes started by 天狗 in D:\Code\project\Java\novelWeb)
[2022-02-24 23:46:37] -- [INFO ]: [com.lyd.NovelWebApplication] -- No active profile set, falling back to default profiles: default
[2022-02-24 23:46:39] -- [INFO ]: [org.apache.coyote.http11.Http11NioProtocol] -- Initializing ProtocolHandler ["http-nio-8080"]
[2022-02-24 23:46:39] -- [INFO ]: [org.apache.catalina.core.StandardService] -- Starting service [Tomcat]
[2022-02-24 23:46:39] -- [INFO ]: [org.apache.catalina.core.StandardEngine] -- Starting Servlet engine: [Apache Tomcat/9.0.55]
[2022-02-24 23:46:39] -- [INFO ]: [org.apache.catalina.core.ContainerBase.[Tomcat].[localhost].[/]] -- Initializing Spring embedded WebApplicationContext
[2022-02-24 23:46:39] -- [INFO ]: [springfox.documentation.spring.web.PropertySourcedRequestMappingHandlerMapping] -- Mapped URL path [/v2/api-docs] onto method [springfox.documentation.swagger2.web.Swagger2Controller#getDocumentation(String, HttpServletRequest)]
[2022-02-24 23:46:39] -- [INFO ]: [org.apache.coyote.http11.Http11NioProtocol] -- Starting ProtocolHandler ["http-nio-8080"]
[2022-02-24 23:46:39] -- [INFO ]: [springfox.documentation.spring.web.plugins.DocumentationPluginsBootstrapper] -- Context refreshed
[2022-02-24 23:46:39] -- [INFO ]: [springfox.documentation.spring.web.plugins.DocumentationPluginsBootstrapper] -- Found 1 custom documentation plugin(s)
[2022-02-24 23:46:39] -- [INFO ]: [springfox.documentation.spring.web.scanners.ApiListingReferenceScanner] -- Scanning for api listing references
[2022-02-24 23:46:39] -- [INFO ]: [com.lyd.NovelWebApplication] -- Started NovelWebApplication in 2.644 seconds (JVM running for 3.806)
[2022-02-24 23:46:43] -- [INFO ]: [org.apache.catalina.core.ContainerBase.[Tomcat].[localhost].[/]] -- Initializing Spring DispatcherServlet 'dispatcherServlet'
[2022-02-24 23:46:44] -- [INFO ]: [com.alibaba.druid.pool.DruidDataSource] -- {dataSource-1} inited
[2022-02-24 23:46:44] -- [INFO ]: [com.lyd.controller.UserController] -- root登录成功,密码为:123456
